Flow report for equalizer
Thu Jan 10 11:47:25 2013
Quartus II 32-bit Version 12.0 Build 178 05/31/2012 SJ Web Edition


---------------------
; Table of Contents ;
---------------------
  1. Legal Notice
  2. Flow Summary
  3. Flow Settings
  4. Flow Non-Default Global Settings
  5. Flow Elapsed Time
  6. Flow OS Summary
  7. Flow Log



----------------
; Legal Notice ;
----------------
Copyright (C) 1991-2012 Altera Corporation
Your use of Altera Corporation's design tools, logic functions 
and other software and tools, and its AMPP partner logic 
functions, and any output files from any of the foregoing 
(including device programming or simulation files), and any 
associated documentation or information are expressly subject 
to the terms and conditions of the Altera Program License 
Subscription Agreement, Altera MegaCore Function License 
Agreement, or other applicable license agreement, including, 
without limitation, that your use is for the sole purpose of 
programming logic devices manufactured by Altera and sold by 
Altera or its authorized distributors.  Please refer to the 
applicable agreement for further details.



+-------------------------------------------------------------------------------+
; Flow Summary                                                                  ;
+------------------------------------+------------------------------------------+
; Flow Status                        ; Successful - Thu Jan 10 11:47:25 2013    ;
; Quartus II 32-bit Version          ; 12.0 Build 178 05/31/2012 SJ Web Edition ;
; Revision Name                      ; equalizer                                ;
; Top-level Entity Name              ; main                                     ;
; Family                             ; Cyclone IV E                             ;
; Device                             ; EP4CE115F29C8                            ;
; Timing Models                      ; Final                                    ;
; Total logic elements               ; 0 / 114,480 ( 0 % )                      ;
;     Total combinational functions  ; 0 / 114,480 ( 0 % )                      ;
;     Dedicated logic registers      ; 0 / 114,480 ( 0 % )                      ;
; Total registers                    ; 0                                        ;
; Total pins                         ; 5 / 529 ( < 1 % )                        ;
; Total virtual pins                 ; 0                                        ;
; Total memory bits                  ; 0 / 3,981,312 ( 0 % )                    ;
; Embedded Multiplier 9-bit elements ; 0 / 532 ( 0 % )                          ;
; Total PLLs                         ; 0 / 4 ( 0 % )                            ;
+------------------------------------+------------------------------------------+


+-----------------------------------------+
; Flow Settings                           ;
+-------------------+---------------------+
; Option            ; Setting             ;
+-------------------+---------------------+
; Start date & time ; 01/10/2013 11:46:37 ;
; Main task         ; Compilation         ;
; Revision Name     ; equalizer           ;
+-------------------+---------------------+


+----------------------------------------------------------------------------------------------------------------------------+
; Flow Non-Default Global Settings                                                                                           ;
+-------------------------------------+---------------------------------------+---------------+-------------+----------------+
; Assignment Name                     ; Value                                 ; Default Value ; Entity Name ; Section Id     ;
+-------------------------------------+---------------------------------------+---------------+-------------+----------------+
; COMPILER_SIGNATURE_ID               ; 207458829613473.135780399705620       ; --            ; --          ; --             ;
; EDA_OUTPUT_DATA_FORMAT              ; Verilog Hdl                           ; --            ; --          ; eda_simulation ;
; EDA_SIMULATION_TOOL                 ; ModelSim-Altera (Verilog)             ; <None>        ; --          ; --             ;
; EDA_TIME_SCALE                      ; 100 ps                                ; --            ; --          ; eda_simulation ;
; MAX_CORE_JUNCTION_TEMP              ; 85                                    ; --            ; --          ; --             ;
; MIN_CORE_JUNCTION_TEMP              ; 0                                     ; --            ; --          ; --             ;
; NOMINAL_CORE_SUPPLY_VOLTAGE         ; 1.2V                                  ; --            ; --          ; --             ;
; PARTITION_COLOR                     ; 16764057                              ; --            ; main        ; Top            ;
; PARTITION_FITTER_PRESERVATION_LEVEL ; PLACEMENT_AND_ROUTING                 ; --            ; main        ; Top            ;
; PARTITION_NETLIST_TYPE              ; SOURCE                                ; --            ; main        ; Top            ;
; POWER_BOARD_THERMAL_MODEL           ; None (CONSERVATIVE)                   ; --            ; --          ; --             ;
; POWER_PRESET_COOLING_SOLUTION       ; 23 MM HEAT SINK WITH 200 LFPM AIRFLOW ; --            ; --          ; --             ;
; TOP_LEVEL_ENTITY                    ; main                                  ; equalizer     ; --          ; --             ;
+-------------------------------------+---------------------------------------+---------------+-------------+----------------+


+-------------------------------------------------------------------------------------------------------------------------------+
; Flow Elapsed Time                                                                                                             ;
+---------------------------+--------------+-------------------------+---------------------+------------------------------------+
; Module Name               ; Elapsed Time ; Average Processors Used ; Peak Virtual Memory ; Total CPU Time (on all processors) ;
+---------------------------+--------------+-------------------------+---------------------+------------------------------------+
; Analysis & Synthesis      ; 00:00:02     ; 1.0                     ; 296 MB              ; 00:00:01                           ;
; Fitter                    ; 00:00:30     ; 1.0                     ; 530 MB              ; 00:00:28                           ;
; TimeQuest Timing Analyzer ; 00:00:06     ; 1.0                     ; 361 MB              ; 00:00:03                           ;
; Assembler                 ; 00:00:09     ; 1.0                     ; 301 MB              ; 00:00:08                           ;
; EDA Netlist Writer        ; 00:00:01     ; 1.0                     ; 280 MB              ; 00:00:01                           ;
; Total                     ; 00:00:48     ; --                      ; --                  ; 00:00:41                           ;
+---------------------------+--------------+-------------------------+---------------------+------------------------------------+


+----------------------------------------------------------------------------------------+
; Flow OS Summary                                                                        ;
+---------------------------+------------------+-----------+------------+----------------+
; Module Name               ; Machine Hostname ; OS Name   ; OS Version ; Processor type ;
+---------------------------+------------------+-----------+------------+----------------+
; Analysis & Synthesis      ; Planet           ; Windows 7 ; 6.1        ; i686           ;
; Fitter                    ; Planet           ; Windows 7 ; 6.1        ; i686           ;
; TimeQuest Timing Analyzer ; Planet           ; Windows 7 ; 6.1        ; i686           ;
; Assembler                 ; Planet           ; Windows 7 ; 6.1        ; i686           ;
; EDA Netlist Writer        ; Planet           ; Windows 7 ; 6.1        ; i686           ;
+---------------------------+------------------+-----------+------------+----------------+


------------
; Flow Log ;
------------
quartus_map --read_settings_files=on --write_settings_files=off equalizer -c equalizer
quartus_fit --read_settings_files=off --write_settings_files=off equalizer -c equalizer
quartus_sta equalizer -c equalizer
quartus_asm --read_settings_files=off --write_settings_files=off equalizer -c equalizer
quartus_eda --read_settings_files=off --write_settings_files=off equalizer -c equalizer



